This file contains any messages produced by compilers while
running configure, to aid debugging if configure makes a mistake.

It was created by hello_world configure 0.1, which was
generated by GNU Autoconf 2.69.  Invocation command line was

  $ /home/gyoung/src/hello-world/configure --enable-maintainer-mode CFLAGS=-g -O0 CXXFLAGS=-g -O0 JFLAGS=-g -O0 FFLAGS=-g -O0

## --------- ##
## Platform. ##
## --------- ##

hostname = lpt-gyoung
uname -m = x86_64
uname -r = 4.19.0-12-amd64
uname -s = Linux
uname -v = #1 SMP Debian 4.19.152-1 (2020-10-18)

/usr/bin/uname -p = unknown
/bin/uname -X     = unknown

/bin/arch              = x86_64
/usr/bin/arch -k       = unknown
/usr/convex/getsysinfo = unknown
/usr/bin/hostinfo      = unknown
/bin/machine           = unknown
/usr/bin/oslevel       = unknown
/bin/universe          = unknown

PATH: /home/gyoung/.local/bin
PATH: /usr/local/bin
PATH: /usr/bin
PATH: /bin
PATH: /usr/local/games
PATH: /usr/games


## ----------- ##
## Core tests. ##
## ----------- ##

configure:2332: checking for a BSD-compatible install
configure:2400: result: /usr/bin/install -c
configure:2411: checking whether build environment is sane
configure:2466: result: yes
configure:2615: checking for a thread-safe mkdir -p
configure:2654: result: /usr/bin/mkdir -p
configure:2661: checking for gawk
configure:2677: found /usr/bin/gawk
configure:2688: result: gawk
configure:2699: checking whether make sets $(MAKE)
configure:2721: result: yes
configure:2750: checking whether make supports nested variables
configure:2767: result: yes
configure:2905: checking whether make supports nested variables
configure:2922: result: yes
configure:2982: checking for gcc
configure:2998: found /usr/bin/gcc
configure:3009: result: gcc
configure:3238: checking for C compiler version
configure:3247: gcc --version >&5
gcc (Debian 8.3.0-6) 8.3.0
Copyright (C) 2018 Free Software Foundation, Inc.
This is free software; see the source for copying conditions.  There is NO
warranty; not even for MERCHANTABILITY or FITNESS FOR A PARTICULAR PURPOSE.

configure:3258: $? = 0
configure:3247: gcc -v >&5
Using built-in specs.
COLLECT_GCC=gcc
COLLECT_LTO_WRAPPER=/usr/lib/gcc/x86_64-linux-gnu/8/lto-wrapper
OFFLOAD_TARGET_NAMES=nvptx-none
OFFLOAD_TARGET_DEFAULT=1
Target: x86_64-linux-gnu
Configured with: ../src/configure -v --with-pkgversion='Debian 8.3.0-6' --with-bugurl=file:///usr/share/doc/gcc-8/README.Bugs --enable-languages=c,ada,c++,go,brig,d,fortran,objc,obj-c++ --prefix=/usr --with-gcc-major-version-only --program-suffix=-8 --program-prefix=x86_64-linux-gnu- --enable-shared --enable-linker-build-id --libexecdir=/usr/lib --without-included-gettext --enable-threads=posix --libdir=/usr/lib --enable-nls --enable-bootstrap --enable-clocale=gnu --enable-libstdcxx-debug --enable-libstdcxx-time=yes --with-default-libstdcxx-abi=new --enable-gnu-unique-object --disable-vtable-verify --enable-libmpx --enable-plugin --enable-default-pie --with-system-zlib --with-target-system-zlib --enable-objc-gc=auto --enable-multiarch --disable-werror --with-arch-32=i686 --with-abi=m64 --with-multilib-list=m32,m64,mx32 --enable-multilib --with-tune=generic --enable-offload-targets=nvptx-none --without-cuda-driver --enable-checking=release --build=x86_64-linux-gnu --host=x86_64-linux-gnu --target=x86_64-linux-gnu
Thread model: posix
gcc version 8.3.0 (Debian 8.3.0-6) 
configure:3258: $? = 0
configure:3247: gcc -V >&5
gcc: error: unrecognized command line option '-V'
gcc: fatal error: no input files
compilation terminated.
configure:3258: $? = 1
configure:3247: gcc -qversion >&5
gcc: error: unrecognized command line option '-qversion'; did you mean '--version'?
gcc: fatal error: no input files
compilation terminated.
configure:3258: $? = 1
configure:3278: checking whether the C compiler works
configure:3300: gcc -g -O0   conftest.c  >&5
configure:3304: $? = 0
configure:3352: result: yes
configure:3355: checking for C compiler default output file name
configure:3357: result: a.out
configure:3363: checking for suffix of executables
configure:3370: gcc -o conftest -g -O0   conftest.c  >&5
configure:3374: $? = 0
configure:3396: result: 
configure:3418: checking whether we are cross compiling
configure:3426: gcc -o conftest -g -O0   conftest.c  >&5
configure:3430: $? = 0
configure:3437: ./conftest
configure:3441: $? = 0
configure:3429: result: no
configure:3434: checking for suffix of object files
configure:3456: gcc -c -g -O0  conftest.c >&5
configure:3460: $? = 0
configure:3481: result: o
configure:3485: checking whether we are using the GNU C compiler
configure:3504: gcc -c -g -O0  conftest.c >&5
configure:3504: $? = 0
configure:3513: result: yes
configure:3522: checking whether gcc accepts -g
configure:3542: gcc -c -g  conftest.c >&5
configure:3542: $? = 0
configure:3583: result: yes
configure:3600: checking for gcc option to accept ISO C89
configure:3663: gcc  -c -g -O0  conftest.c >&5
configure:3663: $? = 0
configure:3676: result: none needed
configure:3701: checking whether gcc understands -c and -o together
configure:3723: gcc -c conftest.c -o conftest2.o
configure:3726: $? = 0
configure:3723: gcc -c conftest.c -o conftest2.o
configure:3726: $? = 0
configure:3738: result: yes
configure:3758: checking whether make supports the include directive
configure:3773: make -f confmf.GNU && cat confinc.out
this is the am__doit target
configure:3776: $? = 0
configure:3795: result: yes (GNU style)
configure:3820: checking dependency style of gcc
configure:3931: result: gcc3
configure:3951: checking whether NLS is requested
configure:3960: result: yes
configure:3978: checking for intltool >= 0.35.0
configure:3980: result: 0.51.0 found
configure:3988: checking for intltool-update
configure:4006: found /usr/bin/intltool-update
configure:4018: result: /usr/bin/intltool-update
configure:4028: checking for intltool-merge
configure:4046: found /usr/bin/intltool-merge
configure:4058: result: /usr/bin/intltool-merge
configure:4068: checking for intltool-extract
configure:4086: found /usr/bin/intltool-extract
configure:4098: result: /usr/bin/intltool-extract
configure:4252: checking for xgettext
configure:4270: found /usr/bin/xgettext
configure:4282: result: /usr/bin/xgettext
configure:4292: checking for msgmerge
configure:4310: found /usr/bin/msgmerge
configure:4322: result: /usr/bin/msgmerge
configure:4332: checking for msgfmt
configure:4350: found /usr/bin/msgfmt
configure:4362: result: /usr/bin/msgfmt
configure:4372: checking for gmsgfmt
configure:4403: result: /usr/bin/msgfmt
configure:4423: checking for perl
configure:4441: found /usr/bin/perl
configure:4453: result: /usr/bin/perl
configure:4464: checking for perl >= 5.8.1
configure:4471: result: 5.28.1
configure:4475: checking for XML::Parser
configure:4478: result: ok
configure:4506: checking how to run the C preprocessor
configure:4537: gcc -E  conftest.c
configure:4537: $? = 0
configure:4551: gcc -E  conftest.c
conftest.c:12:10: fatal error: ac_nonexistent.h: No such file or directory
 #include <ac_nonexistent.h>
          ^~~~~~~~~~~~~~~~~~
compilation terminated.
configure:4551: $? = 1
configure: failed program was:
| /* confdefs.h */
| #define PACKAGE_NAME "hello_world"
| #define PACKAGE_TARNAME "hello_world"
| #define PACKAGE_VERSION "0.1"
| #define PACKAGE_STRING "hello_world 0.1"
| #define PACKAGE_BUGREPORT ""
| #define PACKAGE_URL ""
| #define PACKAGE "hello_world"
| #define VERSION "0.1"
| #define GETTEXT_PACKAGE "hello_world"
| /* end confdefs.h.  */
| #include <ac_nonexistent.h>
configure:4576: result: gcc -E
configure:4596: gcc -E  conftest.c
configure:4596: $? = 0
configure:4610: gcc -E  conftest.c
conftest.c:12:10: fatal error: ac_nonexistent.h: No such file or directory
 #include <ac_nonexistent.h>
          ^~~~~~~~~~~~~~~~~~
compilation terminated.
configure:4610: $? = 1
configure: failed program was:
| /* confdefs.h */
| #define PACKAGE_NAME "hello_world"
| #define PACKAGE_TARNAME "hello_world"
| #define PACKAGE_VERSION "0.1"
| #define PACKAGE_STRING "hello_world 0.1"
| #define PACKAGE_BUGREPORT ""
| #define PACKAGE_URL ""
| #define PACKAGE "hello_world"
| #define VERSION "0.1"
| #define GETTEXT_PACKAGE "hello_world"
| /* end confdefs.h.  */
| #include <ac_nonexistent.h>
configure:4639: checking for grep that handles long lines and -e
configure:4697: result: /usr/bin/grep
configure:4702: checking for egrep
configure:4764: result: /usr/bin/grep -E
configure:4769: checking for ANSI C header files
configure:4789: gcc -c -g -O0  conftest.c >&5
configure:4789: $? = 0
configure:4862: gcc -o conftest -g -O0   conftest.c  >&5
configure:4862: $? = 0
configure:4862: ./conftest
configure:4862: $? = 0
configure:4873: result: yes
configure:4886: checking for sys/types.h
configure:4886: gcc -c -g -O0  conftest.c >&5
configure:4886: $? = 0
configure:4886: result: yes
configure:4886: checking for sys/stat.h
configure:4886: gcc -c -g -O0  conftest.c >&5
configure:4886: $? = 0
configure:4886: result: yes
configure:4886: checking for stdlib.h
configure:4886: gcc -c -g -O0  conftest.c >&5
configure:4886: $? = 0
configure:4886: result: yes
configure:4886: checking for string.h
configure:4886: gcc -c -g -O0  conftest.c >&5
configure:4886: $? = 0
configure:4886: result: yes
configure:4886: checking for memory.h
configure:4886: gcc -c -g -O0  conftest.c >&5
configure:4886: $? = 0
configure:4886: result: yes
configure:4886: checking for strings.h
configure:4886: gcc -c -g -O0  conftest.c >&5
configure:4886: $? = 0
configure:4886: result: yes
configure:4886: checking for inttypes.h
configure:4886: gcc -c -g -O0  conftest.c >&5
configure:4886: $? = 0
configure:4886: result: yes
configure:4886: checking for stdint.h
configure:4886: gcc -c -g -O0  conftest.c >&5
configure:4886: $? = 0
configure:4886: result: yes
configure:4886: checking for unistd.h
configure:4886: gcc -c -g -O0  conftest.c >&5
configure:4886: $? = 0
configure:4886: result: yes
configure:4901: checking locale.h usability
configure:4901: gcc -c -g -O0  conftest.c >&5
configure:4901: $? = 0
configure:4901: result: yes
configure:4901: checking locale.h presence
configure:4901: gcc -E  conftest.c
configure:4901: $? = 0
configure:4901: result: yes
configure:4901: checking for locale.h
configure:4901: result: yes
configure:4912: checking for LC_MESSAGES
configure:4928: gcc -o conftest -g -O0   conftest.c  >&5
configure:4928: $? = 0
configure:4936: result: yes
configure:4954: checking for CFPreferencesCopyAppValue
configure:4972: gcc -o conftest -g -O0   conftest.c  -Wl,-framework -Wl,CoreFoundation >&5
conftest.c:24:10: fatal error: CoreFoundation/CFPreferences.h: No such file or directory
 #include <CoreFoundation/CFPreferences.h>
          ^~~~~~~~~~~~~~~~~~~~~~~~~~~~~~~~
compilation terminated.
configure:4972: $? = 1
configure: failed program was:
| /* confdefs.h */
| #define PACKAGE_NAME "hello_world"
| #define PACKAGE_TARNAME "hello_world"
| #define PACKAGE_VERSION "0.1"
| #define PACKAGE_STRING "hello_world 0.1"
| #define PACKAGE_BUGREPORT ""
| #define PACKAGE_URL ""
| #define PACKAGE "hello_world"
| #define VERSION "0.1"
| #define GETTEXT_PACKAGE "hello_world"
| #define STDC_HEADERS 1
| #define HAVE_SYS_TYPES_H 1
| #define HAVE_SYS_STAT_H 1
| #define HAVE_STDLIB_H 1
| #define HAVE_STRING_H 1
| #define HAVE_MEMORY_H 1
| #define HAVE_STRINGS_H 1
| #define HAVE_INTTYPES_H 1
| #define HAVE_STDINT_H 1
| #define HAVE_UNISTD_H 1
| #define HAVE_LOCALE_H 1
| #define HAVE_LC_MESSAGES 1
| /* end confdefs.h.  */
| #include <CoreFoundation/CFPreferences.h>
| int
| main ()
| {
| CFPreferencesCopyAppValue(NULL, NULL)
|   ;
|   return 0;
| }
configure:4981: result: no
configure:4988: checking for CFLocaleCopyCurrent
configure:5006: gcc -o conftest -g -O0   conftest.c  -Wl,-framework -Wl,CoreFoundation >&5
conftest.c:24:10: fatal error: CoreFoundation/CFLocale.h: No such file or directory
 #include <CoreFoundation/CFLocale.h>
          ^~~~~~~~~~~~~~~~~~~~~~~~~~~
compilation terminated.
configure:5006: $? = 1
configure: failed program was:
| /* confdefs.h */
| #define PACKAGE_NAME "hello_world"
| #define PACKAGE_TARNAME "hello_world"
| #define PACKAGE_VERSION "0.1"
| #define PACKAGE_STRING "hello_world 0.1"
| #define PACKAGE_BUGREPORT ""
| #define PACKAGE_URL ""
| #define PACKAGE "hello_world"
| #define VERSION "0.1"
| #define GETTEXT_PACKAGE "hello_world"
| #define STDC_HEADERS 1
| #define HAVE_SYS_TYPES_H 1
| #define HAVE_SYS_STAT_H 1
| #define HAVE_STDLIB_H 1
| #define HAVE_STRING_H 1
| #define HAVE_MEMORY_H 1
| #define HAVE_STRINGS_H 1
| #define HAVE_INTTYPES_H 1
| #define HAVE_STDINT_H 1
| #define HAVE_UNISTD_H 1
| #define HAVE_LOCALE_H 1
| #define HAVE_LC_MESSAGES 1
| /* end confdefs.h.  */
| #include <CoreFoundation/CFLocale.h>
| int
| main ()
| {
| CFLocaleCopyCurrent();
|   ;
|   return 0;
| }
configure:5015: result: no
configure:5029: checking libintl.h usability
configure:5029: gcc -c -g -O0  conftest.c >&5
configure:5029: $? = 0
configure:5029: result: yes
configure:5029: checking libintl.h presence
configure:5029: gcc -E  conftest.c
configure:5029: $? = 0
configure:5029: result: yes
configure:5029: checking for libintl.h
configure:5029: result: yes
configure:5037: checking for ngettext in libc
configure:5055: gcc -o conftest -g -O0   conftest.c  >&5
configure:5055: $? = 0
configure:5064: result: yes
configure:5068: checking for dgettext in libc
configure:5086: gcc -o conftest -g -O0   conftest.c  >&5
configure:5086: $? = 0
configure:5095: result: yes
configure:5102: checking for bind_textdomain_codeset
configure:5102: gcc -o conftest -g -O0   conftest.c  >&5
configure:5102: $? = 0
configure:5102: result: yes
configure:5378: checking for msgfmt
configure:5405: result: /usr/bin/msgfmt
configure:5416: checking for dcgettext
configure:5416: gcc -o conftest -g -O0   conftest.c   >&5
conftest.c:49:6: warning: conflicting types for built-in function 'dcgettext' [-Wbuiltin-declaration-mismatch]
 char dcgettext ();
      ^~~~~~~~~
configure:5416: $? = 0
configure:5416: result: yes
configure:5426: checking if msgfmt accepts -c
configure:5441: $MSGFMT -c -o /dev/null conftest.foo
conftest.foo:3: warning: header field 'Language' missing in header
configure:5444: $? = 0
configure:5446: result: yes
configure:5456: checking for gmsgfmt
configure:5487: result: /usr/bin/msgfmt
configure:5497: checking for xgettext
configure:5524: result: /usr/bin/xgettext
configure:5543: gcc -o conftest -g -O0   conftest.c   >&5
configure:5543: $? = 0
configure:5716: checking build system type
configure:5730: result: x86_64-pc-linux-gnu
configure:5750: checking host system type
configure:5763: result: x86_64-pc-linux-gnu
configure:5804: checking how to print strings
configure:5831: result: printf
configure:5852: checking for a sed that does not truncate output
configure:5916: result: /usr/bin/sed
configure:5934: checking for fgrep
configure:5996: result: /usr/bin/grep -F
configure:6031: checking for ld used by gcc
configure:6098: result: /usr/bin/ld
configure:6105: checking if the linker (/usr/bin/ld) is GNU ld
configure:6120: result: yes
configure:6132: checking for BSD- or MS-compatible name lister (nm)
configure:6186: result: /usr/bin/nm -B
configure:6316: checking the name lister (/usr/bin/nm -B) interface
configure:6323: gcc -c -g -O0  conftest.c >&5
configure:6326: /usr/bin/nm -B "conftest.o"
configure:6329: output
0000000000000000 B some_variable
configure:6330: result: BSD nm
configure:6333: checking whether ln -s works
configure:6337: result: yes
configure:6345: checking the maximum length of command line arguments
configure:6476: result: 1572864
configure:6524: checking how to convert x86_64-pc-linux-gnu file names to x86_64-pc-linux-gnu format
configure:6564: result: func_convert_file_noop
configure:6571: checking how to convert x86_64-pc-linux-gnu file names to toolchain format
configure:6591: result: func_convert_file_noop
configure:6598: checking for /usr/bin/ld option to reload object files
configure:6605: result: -r
configure:6679: checking for objdump
configure:6695: found /usr/bin/objdump
configure:6706: result: objdump
configure:6738: checking how to recognize dependent libraries
configure:6938: result: pass_all
configure:7023: checking for dlltool
configure:7053: result: no
configure:7083: checking how to associate runtime and link libraries
configure:7110: result: printf %s\n
configure:7170: checking for ar
configure:7186: found /usr/bin/ar
configure:7197: result: ar
configure:7234: checking for archiver @FILE support
configure:7251: gcc -c -g -O0  conftest.c >&5
configure:7251: $? = 0
configure:7254: ar cru libconftest.a @conftest.lst >&5
ar: `u' modifier ignored since `D' is the default (see `U')
configure:7257: $? = 0
configure:7262: ar cru libconftest.a @conftest.lst >&5
ar: `u' modifier ignored since `D' is the default (see `U')
ar: conftest.o: No such file or directory
configure:7265: $? = 1
configure:7264: result: @
configure:7322: checking for strip
configure:7338: found /usr/bin/strip
configure:7349: result: strip
configure:7421: checking for ranlib
configure:7437: found /usr/bin/ranlib
configure:7448: result: ranlib
configure:7550: checking command to parse /usr/bin/nm -B output from gcc object
configure:7703: gcc -c -g -O0  conftest.c >&5
configure:7706: $? = 0
configure:7710: /usr/bin/nm -B conftest.o | sed -n -e 's/^.*[	 ]\([ABCDGIRSTW][ABCDGIRSTW]*\)[	 ][	 ]*\([_A-Za-z][_A-Za-z0-9]*\)$/\1 \2 \2/p' | sed '/ __gnu_lto/d' > conftest.nm
configure:7776: gcc -o conftest -g -O0   conftest.c conftstm.o >&5
configure:7779: $? = 0
configure:7817: result: ok
configure:7864: checking for sysroot
configure:7894: result: no
configure:7901: checking for a working dd
configure:7939: result: /usr/bin/dd
configure:7943: checking how to truncate binary pipes
configure:7958: result: /usr/bin/dd bs=4096 count=1
configure:8094: gcc -c -g -O0  conftest.c >&5
configure:8097: $? = 0
configure:8287: checking for mt
configure:8303: found /usr/bin/mt
configure:8314: result: mt
configure:8337: checking if mt is a manifest tool
configure:8343: mt '-?'
configure:8351: result: no
configure:9025: checking for dlfcn.h
configure:9025: gcc -c -g -O0  conftest.c >&5
configure:9025: $? = 0
configure:9025: result: yes
configure:9281: checking for objdir
configure:9296: result: .libs
configure:9556: checking if gcc supports -fno-rtti -fno-exceptions
configure:9574: gcc -c -g -O0  -fno-rtti -fno-exceptions conftest.c >&5
cc1: warning: command line option '-fno-rtti' is valid for C++/ObjC++ but not for C
configure:9578: $? = 0
configure:9591: result: no
configure:9949: checking for gcc option to produce PIC
configure:9956: result: -fPIC -DPIC
configure:9964: checking if gcc PIC flag -fPIC -DPIC works
configure:9982: gcc -c -g -O0  -fPIC -DPIC -DPIC conftest.c >&5
configure:9986: $? = 0
configure:9999: result: yes
configure:10028: checking if gcc static flag -static works
configure:10056: result: yes
configure:10071: checking if gcc supports -c -o file.o
configure:10092: gcc -c -g -O0  -o out/conftest2.o conftest.c >&5
configure:10096: $? = 0
configure:10118: result: yes
configure:10126: checking if gcc supports -c -o file.o
configure:10173: result: yes
configure:10206: checking whether the gcc linker (/usr/bin/ld -m elf_x86_64) supports shared libraries
configure:11469: result: yes
configure:11506: checking whether -lc should be explicitly linked in
configure:11514: gcc -c -g -O0  conftest.c >&5
configure:11517: $? = 0
configure:11532: gcc -shared  -fPIC -DPIC conftest.o  -v -Wl,-soname -Wl,conftest -o conftest 2\>\&1 \| /usr/bin/grep  -lc  \>/dev/null 2\>\&1
configure:11535: $? = 0
configure:11549: result: no
configure:11709: checking dynamic linker characteristics
configure:12290: gcc -o conftest -g -O0   -Wl,-rpath -Wl,/foo conftest.c  >&5
configure:12290: $? = 0
configure:12539: result: GNU/Linux ld.so
configure:12661: checking how to hardcode library paths into programs
configure:12686: result: immediate
configure:13234: checking whether stripping libraries is possible
configure:13239: result: yes
configure:13274: checking if libtool supports shared libraries
configure:13276: result: yes
configure:13279: checking whether to build shared libraries
configure:13304: result: yes
configure:13307: checking whether to build static libraries
configure:13311: result: yes
configure:10180: checking for pkg-config
configure:10198: found /usr/bin/pkg-config
configure:10210: result: /usr/bin/pkg-config
configure:10235: checking pkg-config is at least version 0.9.0
configure:10238: result: yes
configure:10248: checking for HELLO_WORLD
configure:10255: $PKG_CONFIG --exists --print-errors "gtk+-3.0 "
configure:10258: $? = 0
configure:10272: $PKG_CONFIG --exists --print-errors "gtk+-3.0 "
configure:10275: $? = 0
configure:10333: result: yes
configure:10444: checking that generated files are newer than configure
configure:10450: result: done
configure:10477: creating ./config.status

## ---------------------- ##
## Running config.status. ##
## ---------------------- ##

This file was extended by hello_world config.status 0.1, which was
generated by GNU Autoconf 2.69.  Invocation command line was

  CONFIG_FILES    = 
  CONFIG_HEADERS  = 
  CONFIG_LINKS    = 
  CONFIG_COMMANDS = 
  $ ./config.status 

on lpt-gyoung

config.status:1169: creating Makefile
config.status:1169: creating src/Makefile
config.status:1169: creating po/Makefile.in
config.status:1169: creating config.h
config.status:1383: executing depfiles commands
config.status:1460: cd src       && sed -e '/# am--include-marker/d' Makefile         | make -f - am--depfiles
config.status:1465: $? = 0
config.status:1383: executing default-1 commands
config.status:1383: executing libtool commands
config.status:1383: executing po/stamp-it commands
configure:12644: WARNING: unrecognized options: --enable-maintainer-mode

## ---------------- ##
## Cache variables. ##
## ---------------- ##

ac_cv_build=x86_64-pc-linux-gnu
ac_cv_c_compiler_gnu=yes
ac_cv_env_CC_set=
ac_cv_env_CC_value=
ac_cv_env_CFLAGS_set=set
ac_cv_env_CFLAGS_value='-g -O0'
ac_cv_env_CPPFLAGS_set=
ac_cv_env_CPPFLAGS_value=
ac_cv_env_CPP_set=
ac_cv_env_CPP_value=
ac_cv_env_HELLO_WORLD_CFLAGS_set=
ac_cv_env_HELLO_WORLD_CFLAGS_value=
ac_cv_env_HELLO_WORLD_LIBS_set=
ac_cv_env_HELLO_WORLD_LIBS_value=
ac_cv_env_LDFLAGS_set=
ac_cv_env_LDFLAGS_value=
ac_cv_env_LIBS_set=
ac_cv_env_LIBS_value=
ac_cv_env_LT_SYS_LIBRARY_PATH_set=
ac_cv_env_LT_SYS_LIBRARY_PATH_value=
ac_cv_env_PKG_CONFIG_LIBDIR_set=
ac_cv_env_PKG_CONFIG_LIBDIR_value=
ac_cv_env_PKG_CONFIG_PATH_set=
ac_cv_env_PKG_CONFIG_PATH_value=
ac_cv_env_PKG_CONFIG_set=
ac_cv_env_PKG_CONFIG_value=
ac_cv_env_build_alias_set=
ac_cv_env_build_alias_value=
ac_cv_env_host_alias_set=
ac_cv_env_host_alias_value=
ac_cv_env_target_alias_set=
ac_cv_env_target_alias_value=
ac_cv_func_bind_textdomain_codeset=yes
ac_cv_func_dcgettext=yes
ac_cv_header_dlfcn_h=yes
ac_cv_header_inttypes_h=yes
ac_cv_header_libintl_h=yes
ac_cv_header_locale_h=yes
ac_cv_header_memory_h=yes
ac_cv_header_stdc=yes
ac_cv_header_stdint_h=yes
ac_cv_header_stdlib_h=yes
ac_cv_header_string_h=yes
ac_cv_header_strings_h=yes
ac_cv_header_sys_stat_h=yes
ac_cv_header_sys_types_h=yes
ac_cv_header_unistd_h=yes
ac_cv_host=x86_64-pc-linux-gnu
ac_cv_objext=o
ac_cv_path_EGREP='/usr/bin/grep -E'
ac_cv_path_FGREP='/usr/bin/grep -F'
ac_cv_path_GMSGFMT=/usr/bin/msgfmt
ac_cv_path_GREP=/usr/bin/grep
ac_cv_path_INTLTOOL_EXTRACT=/usr/bin/intltool-extract
ac_cv_path_INTLTOOL_MERGE=/usr/bin/intltool-merge
ac_cv_path_INTLTOOL_PERL=/usr/bin/perl
ac_cv_path_INTLTOOL_UPDATE=/usr/bin/intltool-update
ac_cv_path_MSGFMT=/usr/bin/msgfmt
ac_cv_path_MSGMERGE=/usr/bin/msgmerge
ac_cv_path_SED=/usr/bin/sed
ac_cv_path_XGETTEXT=/usr/bin/xgettext
ac_cv_path_ac_pt_PKG_CONFIG=/usr/bin/pkg-config
ac_cv_path_install='/usr/bin/install -c'
ac_cv_path_lt_DD=/usr/bin/dd
ac_cv_path_mkdir=/usr/bin/mkdir
ac_cv_prog_AWK=gawk
ac_cv_prog_CPP='gcc -E'
ac_cv_prog_ac_ct_AR=ar
ac_cv_prog_ac_ct_CC=gcc
ac_cv_prog_ac_ct_MANIFEST_TOOL=mt
ac_cv_prog_ac_ct_OBJDUMP=objdump
ac_cv_prog_ac_ct_RANLIB=ranlib
ac_cv_prog_ac_ct_STRIP=strip
ac_cv_prog_cc_c89=
ac_cv_prog_cc_g=yes
ac_cv_prog_make_make_set=yes
am_cv_CC_dependencies_compiler_type=gcc3
am_cv_make_support_nested_variables=yes
am_cv_prog_cc_c_o=yes
am_cv_val_LC_MESSAGES=yes
gt_cv_func_CFLocaleCopyCurrent=no
gt_cv_func_CFPreferencesCopyAppValue=no
gt_cv_func_dgettext_libc=yes
gt_cv_func_dgettext_libintl=no
gt_cv_func_ngettext_libc=yes
gt_cv_have_gettext=yes
lt_cv_ar_at_file=@
lt_cv_archive_cmds_need_lc=no
lt_cv_deplibs_check_method=pass_all
lt_cv_file_magic_cmd='$MAGIC_CMD'
lt_cv_file_magic_test_file=
lt_cv_ld_reload_flag=-r
lt_cv_nm_interface='BSD nm'
lt_cv_objdir=.libs
lt_cv_path_LD=/usr/bin/ld
lt_cv_path_NM='/usr/bin/nm -B'
lt_cv_path_mainfest_tool=no
lt_cv_prog_compiler_c_o=yes
lt_cv_prog_compiler_pic='-fPIC -DPIC'
lt_cv_prog_compiler_pic_works=yes
lt_cv_prog_compiler_rtti_exceptions=no
lt_cv_prog_compiler_static_works=yes
lt_cv_prog_gnu_ld=yes
lt_cv_sharedlib_from_linklib_cmd='printf %s\n'
lt_cv_shlibpath_overrides_runpath=yes
lt_cv_sys_global_symbol_pipe='sed -n -e '\''s/^.*[	 ]\([ABCDGIRSTW][ABCDGIRSTW]*\)[	 ][	 ]*\([_A-Za-z][_A-Za-z0-9]*\)$/\1 \2 \2/p'\'' | sed '\''/ __gnu_lto/d'\'''
lt_cv_sys_global_symbol_to_c_name_address='sed -n -e '\''s/^: \(.*\) .*$/  {"\1", (void *) 0},/p'\'' -e '\''s/^[ABCDGIRSTW][ABCDGIRSTW]* .* \(.*\)$/  {"\1", (void *) \&\1},/p'\'''
lt_cv_sys_global_symbol_to_c_name_address_lib_prefix='sed -n -e '\''s/^: \(.*\) .*$/  {"\1", (void *) 0},/p'\'' -e '\''s/^[ABCDGIRSTW][ABCDGIRSTW]* .* \(lib.*\)$/  {"\1", (void *) \&\1},/p'\'' -e '\''s/^[ABCDGIRSTW][ABCDGIRSTW]* .* \(.*\)$/  {"lib\1", (void *) \&\1},/p'\'''
lt_cv_sys_global_symbol_to_cdecl='sed -n -e '\''s/^T .* \(.*\)$/extern int \1();/p'\'' -e '\''s/^[ABCDGIRSTW][ABCDGIRSTW]* .* \(.*\)$/extern char \1;/p'\'''
lt_cv_sys_global_symbol_to_import=
lt_cv_sys_max_cmd_len=1572864
lt_cv_to_host_file_cmd=func_convert_file_noop
lt_cv_to_tool_file_cmd=func_convert_file_noop
lt_cv_truncate_bin='/usr/bin/dd bs=4096 count=1'
pkg_cv_HELLO_WORLD_CFLAGS='-pthread -I/usr/include/gtk-3.0 -I/usr/include/at-spi2-atk/2.0 -I/usr/include/at-spi-2.0 -I/usr/include/dbus-1.0 -I/usr/lib/x86_64-linux-gnu/dbus-1.0/include -I/usr/include/gtk-3.0 -I/usr/include/gio-unix-2.0 -I/usr/include/cairo -I/usr/include/libdrm -I/usr/include/pango-1.0 -I/usr/include/harfbuzz -I/usr/include/pango-1.0 -I/usr/include/fribidi -I/usr/include/atk-1.0 -I/usr/include/cairo -I/usr/include/pixman-1 -I/usr/include/freetype2 -I/usr/include/libpng16 -I/usr/include/gdk-pixbuf-2.0 -I/usr/include/libmount -I/usr/include/blkid -I/usr/include/uuid -I/usr/include/glib-2.0 -I/usr/lib/x86_64-linux-gnu/glib-2.0/include'
pkg_cv_HELLO_WORLD_LIBS='-lgtk-3 -lgdk-3 -lpangocairo-1.0 -lpango-1.0 -latk-1.0 -lcairo-gobject -lcairo -lgdk_pixbuf-2.0 -lgio-2.0 -lgobject-2.0 -lglib-2.0'

## ----------------- ##
## Output variables. ##
## ----------------- ##

ACLOCAL='${SHELL} /home/gyoung/src/hello-world/missing aclocal-1.16'
ALL_LINGUAS=''
AMDEPBACKSLASH='\'
AMDEP_FALSE='#'
AMDEP_TRUE=''
AMTAR='$${TAR-tar}'
AM_BACKSLASH='\'
AM_DEFAULT_V='$(AM_DEFAULT_VERBOSITY)'
AM_DEFAULT_VERBOSITY='0'
AM_V='$(V)'
AR='ar'
AUTOCONF='${SHELL} /home/gyoung/src/hello-world/missing autoconf'
AUTOHEADER='${SHELL} /home/gyoung/src/hello-world/missing autoheader'
AUTOMAKE='${SHELL} /home/gyoung/src/hello-world/missing automake-1.16'
AWK='gawk'
CATALOGS=''
CATOBJEXT='.gmo'
CC='gcc'
CCDEPMODE='depmode=gcc3'
CFLAGS='-g -O0'
CPP='gcc -E'
CPPFLAGS=''
CYGPATH_W='echo'
DATADIRNAME='share'
DEFS='-DHAVE_CONFIG_H'
DEPDIR='.deps'
DLLTOOL='false'
DSYMUTIL=''
DUMPBIN=''
ECHO_C=''
ECHO_N='-n'
ECHO_T=''
EGREP='/usr/bin/grep -E'
EXEEXT=''
FGREP='/usr/bin/grep -F'
GETTEXT_PACKAGE='hello_world'
GMOFILES=''
GMSGFMT='/usr/bin/msgfmt'
GREP='/usr/bin/grep'
HELLO_WORLD_CFLAGS='-pthread -I/usr/include/gtk-3.0 -I/usr/include/at-spi2-atk/2.0 -I/usr/include/at-spi-2.0 -I/usr/include/dbus-1.0 -I/usr/lib/x86_64-linux-gnu/dbus-1.0/include -I/usr/include/gtk-3.0 -I/usr/include/gio-unix-2.0 -I/usr/include/cairo -I/usr/include/libdrm -I/usr/include/pango-1.0 -I/usr/include/harfbuzz -I/usr/include/pango-1.0 -I/usr/include/fribidi -I/usr/include/atk-1.0 -I/usr/include/cairo -I/usr/include/pixman-1 -I/usr/include/freetype2 -I/usr/include/libpng16 -I/usr/include/gdk-pixbuf-2.0 -I/usr/include/libmount -I/usr/include/blkid -I/usr/include/uuid -I/usr/include/glib-2.0 -I/usr/lib/x86_64-linux-gnu/glib-2.0/include'
HELLO_WORLD_LIBS='-lgtk-3 -lgdk-3 -lpangocairo-1.0 -lpango-1.0 -latk-1.0 -lcairo-gobject -lcairo -lgdk_pixbuf-2.0 -lgio-2.0 -lgobject-2.0 -lglib-2.0'
INSTALL_DATA='${INSTALL} -m 644'
INSTALL_PROGRAM='${INSTALL}'
INSTALL_SCRIPT='${INSTALL}'
INSTALL_STRIP_PROGRAM='$(install_sh) -c -s'
INSTOBJEXT='.mo'
INTLLIBS=''
INTLTOOL_CAVES_RULE='%.caves:     %.caves.in     $(INTLTOOL_MERGE) $(wildcard $(top_srcdir)/po/*.po) ; $(INTLTOOL_V_MERGE)LC_ALL=C $(INTLTOOL_MERGE) $(INTLTOOL_V_MERGE_OPTIONS) -d -u -c $(top_builddir)/po/.intltool-merge-cache $(top_srcdir)/po $< $@'
INTLTOOL_DESKTOP_RULE='%.desktop:   %.desktop.in   $(INTLTOOL_MERGE) $(wildcard $(top_srcdir)/po/*.po) ; $(INTLTOOL_V_MERGE)LC_ALL=C $(INTLTOOL_MERGE) $(INTLTOOL_V_MERGE_OPTIONS) -d -u -c $(top_builddir)/po/.intltool-merge-cache $(top_srcdir)/po $< $@'
INTLTOOL_DIRECTORY_RULE='%.directory: %.directory.in $(INTLTOOL_MERGE) $(wildcard $(top_srcdir)/po/*.po) ; $(INTLTOOL_V_MERGE)LC_ALL=C $(INTLTOOL_MERGE) $(INTLTOOL_V_MERGE_OPTIONS) -d -u -c $(top_builddir)/po/.intltool-merge-cache $(top_srcdir)/po $< $@'
INTLTOOL_EXTRACT='/usr/bin/intltool-extract'
INTLTOOL_KBD_RULE='%.kbd:       %.kbd.in       $(INTLTOOL_MERGE) $(wildcard $(top_srcdir)/po/*.po) ; $(INTLTOOL_V_MERGE)LC_ALL=C $(INTLTOOL_MERGE) $(INTLTOOL_V_MERGE_OPTIONS) -x -u -m -c $(top_builddir)/po/.intltool-merge-cache $(top_srcdir)/po $< $@'
INTLTOOL_KEYS_RULE='%.keys:      %.keys.in      $(INTLTOOL_MERGE) $(wildcard $(top_srcdir)/po/*.po) ; $(INTLTOOL_V_MERGE)LC_ALL=C $(INTLTOOL_MERGE) $(INTLTOOL_V_MERGE_OPTIONS) -k -u -c $(top_builddir)/po/.intltool-merge-cache $(top_srcdir)/po $< $@'
INTLTOOL_MERGE='/usr/bin/intltool-merge'
INTLTOOL_OAF_RULE='%.oaf:       %.oaf.in       $(INTLTOOL_MERGE) $(wildcard $(top_srcdir)/po/*.po) ; $(INTLTOOL_V_MERGE)LC_ALL=C $(INTLTOOL_MERGE) $(INTLTOOL_V_MERGE_OPTIONS) -o -p $(top_srcdir)/po $< $@'
INTLTOOL_PERL='/usr/bin/perl'
INTLTOOL_POLICY_RULE='%.policy:    %.policy.in    $(INTLTOOL_MERGE) $(wildcard $(top_srcdir)/po/*.po) ; $(INTLTOOL_V_MERGE)LC_ALL=C $(INTLTOOL_MERGE) $(INTLTOOL_V_MERGE_OPTIONS) -x -u -c $(top_builddir)/po/.intltool-merge-cache $(top_srcdir)/po $< $@'
INTLTOOL_PONG_RULE='%.pong:      %.pong.in      $(INTLTOOL_MERGE) $(wildcard $(top_srcdir)/po/*.po) ; $(INTLTOOL_V_MERGE)LC_ALL=C $(INTLTOOL_MERGE) $(INTLTOOL_V_MERGE_OPTIONS) -x -u -c $(top_builddir)/po/.intltool-merge-cache $(top_srcdir)/po $< $@'
INTLTOOL_PROP_RULE='%.prop:      %.prop.in      $(INTLTOOL_MERGE) $(wildcard $(top_srcdir)/po/*.po) ; $(INTLTOOL_V_MERGE)LC_ALL=C $(INTLTOOL_MERGE) $(INTLTOOL_V_MERGE_OPTIONS) -d -u -c $(top_builddir)/po/.intltool-merge-cache $(top_srcdir)/po $< $@'
INTLTOOL_SCHEMAS_RULE='%.schemas:   %.schemas.in   $(INTLTOOL_MERGE) $(wildcard $(top_srcdir)/po/*.po) ; $(INTLTOOL_V_MERGE)LC_ALL=C $(INTLTOOL_MERGE) $(INTLTOOL_V_MERGE_OPTIONS) -s -u -c $(top_builddir)/po/.intltool-merge-cache $(top_srcdir)/po $< $@'
INTLTOOL_SERVER_RULE='%.server:    %.server.in    $(INTLTOOL_MERGE) $(wildcard $(top_srcdir)/po/*.po) ; $(INTLTOOL_V_MERGE)LC_ALL=C $(INTLTOOL_MERGE) $(INTLTOOL_V_MERGE_OPTIONS) -o -u -c $(top_builddir)/po/.intltool-merge-cache $(top_srcdir)/po $< $@'
INTLTOOL_SERVICE_RULE='%.service: %.service.in   $(INTLTOOL_MERGE) $(wildcard $(top_srcdir)/po/*.po) ; $(INTLTOOL_V_MERGE)LC_ALL=C $(INTLTOOL_MERGE) $(INTLTOOL_V_MERGE_OPTIONS) -d -u -c $(top_builddir)/po/.intltool-merge-cache $(top_srcdir)/po $< $@'
INTLTOOL_SHEET_RULE='%.sheet:     %.sheet.in     $(INTLTOOL_MERGE) $(wildcard $(top_srcdir)/po/*.po) ; $(INTLTOOL_V_MERGE)LC_ALL=C $(INTLTOOL_MERGE) $(INTLTOOL_V_MERGE_OPTIONS) -x -u -c $(top_builddir)/po/.intltool-merge-cache $(top_srcdir)/po $< $@'
INTLTOOL_SOUNDLIST_RULE='%.soundlist: %.soundlist.in $(INTLTOOL_MERGE) $(wildcard $(top_srcdir)/po/*.po) ; $(INTLTOOL_V_MERGE)LC_ALL=C $(INTLTOOL_MERGE) $(INTLTOOL_V_MERGE_OPTIONS) -d -u -c $(top_builddir)/po/.intltool-merge-cache $(top_srcdir)/po $< $@'
INTLTOOL_THEME_RULE='%.theme:     %.theme.in     $(INTLTOOL_MERGE) $(wildcard $(top_srcdir)/po/*.po) ; $(INTLTOOL_V_MERGE)LC_ALL=C $(INTLTOOL_MERGE) $(INTLTOOL_V_MERGE_OPTIONS) -d -u -c $(top_builddir)/po/.intltool-merge-cache $(top_srcdir)/po $< $@'
INTLTOOL_UI_RULE='%.ui:        %.ui.in        $(INTLTOOL_MERGE) $(wildcard $(top_srcdir)/po/*.po) ; $(INTLTOOL_V_MERGE)LC_ALL=C $(INTLTOOL_MERGE) $(INTLTOOL_V_MERGE_OPTIONS) -x -u -c $(top_builddir)/po/.intltool-merge-cache $(top_srcdir)/po $< $@'
INTLTOOL_UPDATE='/usr/bin/intltool-update'
INTLTOOL_V_MERGE='$(INTLTOOL__v_MERGE_$(V))'
INTLTOOL_V_MERGE_OPTIONS='$(intltool__v_merge_options_$(V))'
INTLTOOL_XAM_RULE='%.xam:       %.xml.in       $(INTLTOOL_MERGE) $(wildcard $(top_srcdir)/po/*.po) ; $(INTLTOOL_V_MERGE)LC_ALL=C $(INTLTOOL_MERGE) $(INTLTOOL_V_MERGE_OPTIONS) -x -u -c $(top_builddir)/po/.intltool-merge-cache $(top_srcdir)/po $< $@'
INTLTOOL_XML_NOMERGE_RULE='%.xml:       %.xml.in       $(INTLTOOL_MERGE) ; $(INTLTOOL_V_MERGE)LC_ALL=C $(INTLTOOL_MERGE) $(INTLTOOL_V_MERGE_OPTIONS) -x -u --no-translations $< $@'
INTLTOOL_XML_RULE='%.xml:       %.xml.in       $(INTLTOOL_MERGE) $(wildcard $(top_srcdir)/po/*.po) ; $(INTLTOOL_V_MERGE)LC_ALL=C $(INTLTOOL_MERGE) $(INTLTOOL_V_MERGE_OPTIONS) -x -u -c $(top_builddir)/po/.intltool-merge-cache $(top_srcdir)/po $< $@'
INTLTOOL__v_MERGE_0='@echo "  ITMRG " $@;'
INTLTOOL__v_MERGE_='$(INTLTOOL__v_MERGE_$(AM_DEFAULT_VERBOSITY))'
INTL_MACOSX_LIBS=''
LD='/usr/bin/ld -m elf_x86_64'
LDFLAGS=''
LIBOBJS=''
LIBS=''
LIBTOOL='$(SHELL) $(top_builddir)/libtool'
LIPO=''
LN_S='ln -s'
LTLIBOBJS=''
LT_SYS_LIBRARY_PATH=''
MAKEINFO='${SHELL} /home/gyoung/src/hello-world/missing makeinfo'
MANIFEST_TOOL=':'
MKDIR_P='/usr/bin/mkdir -p'
MKINSTALLDIRS='/home/gyoung/src/hello-world/mkinstalldirs'
MSGFMT='/usr/bin/msgfmt'
MSGFMT_OPTS='-c'
MSGMERGE='/usr/bin/msgmerge'
NM='/usr/bin/nm -B'
NMEDIT=''
OBJDUMP='objdump'
OBJEXT='o'
OTOOL64=''
OTOOL=''
PACKAGE='hello_world'
PACKAGE_BUGREPORT=''
PACKAGE_NAME='hello_world'
PACKAGE_STRING='hello_world 0.1'
PACKAGE_TARNAME='hello_world'
PACKAGE_URL=''
PACKAGE_VERSION='0.1'
PATH_SEPARATOR=':'
PKG_CONFIG='/usr/bin/pkg-config'
PKG_CONFIG_LIBDIR=''
PKG_CONFIG_PATH=''
POFILES=''
POSUB='po'
PO_IN_DATADIR_FALSE=''
PO_IN_DATADIR_TRUE=''
RANLIB='ranlib'
SED='/usr/bin/sed'
SET_MAKE=''
SHELL='/bin/bash'
STRIP='strip'
USE_NLS='yes'
VERSION='0.1'
XGETTEXT='/usr/bin/xgettext'
ac_ct_AR='ar'
ac_ct_CC='gcc'
ac_ct_DUMPBIN=''
am__EXEEXT_FALSE=''
am__EXEEXT_TRUE='#'
am__fastdepCC_FALSE='#'
am__fastdepCC_TRUE=''
am__include='include'
am__isrc=' -I$(srcdir)'
am__leading_dot='.'
am__nodep='_no'
am__quote=''
am__tar='$${TAR-tar} chof - "$$tardir"'
am__untar='$${TAR-tar} xf -'
bindir='${exec_prefix}/bin'
build='x86_64-pc-linux-gnu'
build_alias=''
build_cpu='x86_64'
build_os='linux-gnu'
build_vendor='pc'
datadir='${datarootdir}'
datarootdir='${prefix}/share'
docdir='${datarootdir}/doc/${PACKAGE_TARNAME}'
dvidir='${docdir}'
exec_prefix='${prefix}'
host='x86_64-pc-linux-gnu'
host_alias=''
host_cpu='x86_64'
host_os='linux-gnu'
host_vendor='pc'
htmldir='${docdir}'
includedir='${prefix}/include'
infodir='${datarootdir}/info'
install_sh='${SHELL} /home/gyoung/src/hello-world/install-sh'
intltool__v_merge_options_0='-q'
intltool__v_merge_options_='$(intltool__v_merge_options_$(AM_DEFAULT_VERBOSITY))'
libdir='${exec_prefix}/lib'
libexecdir='${exec_prefix}/libexec'
localedir='${datarootdir}/locale'
localstatedir='${prefix}/var'
mandir='${datarootdir}/man'
mkdir_p='$(MKDIR_P)'
oldincludedir='/usr/include'
pdfdir='${docdir}'
prefix='/usr/local'
program_transform_name='s,x,x,'
psdir='${docdir}'
runstatedir='${localstatedir}/run'
sbindir='${exec_prefix}/sbin'
sharedstatedir='${prefix}/com'
sysconfdir='${prefix}/etc'
target_alias=''

## ----------- ##
## confdefs.h. ##
## ----------- ##

/* confdefs.h */
#define PACKAGE_NAME "hello_world"
#define PACKAGE_TARNAME "hello_world"
#define PACKAGE_VERSION "0.1"
#define PACKAGE_STRING "hello_world 0.1"
#define PACKAGE_BUGREPORT ""
#define PACKAGE_URL ""
#define PACKAGE "hello_world"
#define VERSION "0.1"
#define GETTEXT_PACKAGE "hello_world"
#define STDC_HEADERS 1
#define HAVE_SYS_TYPES_H 1
#define HAVE_SYS_STAT_H 1
#define HAVE_STDLIB_H 1
#define HAVE_STRING_H 1
#define HAVE_MEMORY_H 1
#define HAVE_STRINGS_H 1
#define HAVE_INTTYPES_H 1
#define HAVE_STDINT_H 1
#define HAVE_UNISTD_H 1
#define HAVE_LOCALE_H 1
#define HAVE_LC_MESSAGES 1
#define HAVE_BIND_TEXTDOMAIN_CODESET 1
#define HAVE_GETTEXT 1
#define HAVE_DCGETTEXT 1
#define ENABLE_NLS 1
#define HAVE_DLFCN_H 1
#define LT_OBJDIR ".libs/"

configure: exit 0
